0 info it worked if it ends with ok
1 verbose cli [ '/Users/kgrant/.nvm/versions/node/v7.1.0/bin/node',
1 verbose cli   '/Users/kgrant/.nvm/versions/node/v7.1.0/bin/npm',
1 verbose cli   'run',
1 verbose cli   'build' ]
2 info using npm@3.10.9
3 info using node@v7.1.0
4 verbose run-script [ 'prebuild', 'build', 'postbuild' ]
5 info lifecycle omnibear.com@1.0.0~prebuild: omnibear.com@1.0.0
6 silly lifecycle omnibear.com@1.0.0~prebuild: no script for prebuild, continuing
7 info lifecycle omnibear.com@1.0.0~build: omnibear.com@1.0.0
8 verbose lifecycle omnibear.com@1.0.0~build: unsafe-perm in lifecycle true
9 verbose lifecycle omnibear.com@1.0.0~build: PATH: /Users/kgrant/.nvm/versions/node/v7.1.0/lib/node_modules/npm/bin/node-gyp-bin:/Users/kgrant/src/self/omnibear-site/node_modules/.bin:/Users/kgrant/.nvm/versions/node/v7.1.0/bin:/Users/kgrant/pebble-dev/PebbleSDK-current/bin:/Users/kgrant/.gem/ruby/2.0.0/bin:/Users/kgrant/homebrew/bin:/usr/local/share/npm/bin:/usr/local/bin:/usr/local/sbin:/Users/kgrant/bin:/usr/local/bin:/usr/bin:/bin:/usr/sbin:/sbin
10 verbose lifecycle omnibear.com@1.0.0~build: CWD: /Users/kgrant/src/self/omnibear-site
11 silly lifecycle omnibear.com@1.0.0~build: Args: [ '-c', 'hugo -d docs' ]
12 silly lifecycle omnibear.com@1.0.0~build: Returned: code: 255  signal: null
13 info lifecycle omnibear.com@1.0.0~build: Failed to exec build script
14 verbose stack Error: omnibear.com@1.0.0 build: `hugo -d docs`
14 verbose stack Exit status 255
14 verbose stack     at EventEmitter.<anonymous> (/Users/kgrant/.nvm/versions/node/v7.1.0/lib/node_modules/npm/lib/utils/lifecycle.js:255:16)
14 verbose stack     at emitTwo (events.js:106:13)
14 verbose stack     at EventEmitter.emit (events.js:191:7)
14 verbose stack     at ChildProcess.<anonymous> (/Users/kgrant/.nvm/versions/node/v7.1.0/lib/node_modules/npm/lib/utils/spawn.js:40:14)
14 verbose stack     at emitTwo (events.js:106:13)
14 verbose stack     at ChildProcess.emit (events.js:191:7)
14 verbose stack     at maybeClose (internal/child_process.js:885:16)
14 verbose stack     at Process.ChildProcess._handle.onexit (internal/child_process.js:226:5)
15 verbose pkgid omnibear.com@1.0.0
16 verbose cwd /Users/kgrant/src/self/omnibear-site
17 error Darwin 15.6.0
18 error argv "/Users/kgrant/.nvm/versions/node/v7.1.0/bin/node" "/Users/kgrant/.nvm/versions/node/v7.1.0/bin/npm" "run" "build"
19 error node v7.1.0
20 error npm  v3.10.9
21 error code ELIFECYCLE
22 error omnibear.com@1.0.0 build: `hugo -d docs`
22 error Exit status 255
23 error Failed at the omnibear.com@1.0.0 build script 'hugo -d docs'.
23 error Make sure you have the latest version of node.js and npm installed.
23 error If you do, this is most likely a problem with the omnibear.com package,
23 error not with npm itself.
23 error Tell the author that this fails on your system:
23 error     hugo -d docs
23 error You can get information on how to open an issue for this project with:
23 error     npm bugs omnibear.com
23 error Or if that isn't available, you can get their info via:
23 error     npm owner ls omnibear.com
23 error There is likely additional logging output above.
24 verbose exit [ 1, true ]
